c:\users\administrator\desktop\vs test project\map\map\debug\map.pch
c:\users\administrator\desktop\vs test project\map\map\debug\stdafx.obj
c:\users\administrator\desktop\vs test project\map\map\debug\vc100.pdb
c:\users\administrator\desktop\vs test project\map\map\debug\map.obj
c:\users\administrator\desktop\vs test project\map\map\debug\mapdlg.obj
c:\users\administrator\desktop\vs test project\map\map\debug\serversocket.obj
c:\users\administrator\desktop\vs test project\map in 12.15\map\debug\map.pch
c:\users\administrator\desktop\vs test project\map in 12.15\map\debug\vc100.pdb
c:\users\administrator\desktop\vs test project\map in 12.15\map\debug\stdafx.obj
c:\users\administrator\desktop\vs test project\map in 12.15\map\debug\map.obj
c:\users\administrator\desktop\vs test project\map in 12.15\map\debug\mapdlg.obj
c:\users\administrator\desktop\vs test project\map in 12.15\map\debug\serversocket.obj
c:\users\administrator\desktop\vs test project\map in 12.16 - change\map\debug\map.pch
c:\users\administrator\desktop\vs test project\map in 12.16 - change\map\debug\stdafx.obj
c:\users\administrator\desktop\vs test project\map in 12.16 - change\map\debug\vc100.pdb
c:\users\administrator\desktop\vs test project\map in 12.16 - change\map\debug\map.obj
c:\users\administrator\desktop\vs test project\map in 12.16 - change\map\debug\mapdlg.obj
c:\users\administrator\desktop\vs test project\map in 12.16 - change\map\debug\serversocket.obj
c:\users\administrator\desktop\vs test project\map in 12.16 - change - 2\map\debug\map.pch
c:\users\administrator\desktop\vs test project\map in 12.16 - change - 2\map\debug\stdafx.obj
c:\users\administrator\desktop\vs test project\map in 12.16 - change - 2\map\debug\vc100.pdb
c:\users\administrator\desktop\vs test project\map in 12.16 - change - 2\map\debug\map.obj
c:\users\administrator\desktop\vs test project\map in 12.16 - change - 2\map\debug\mapdlg.obj
c:\users\administrator\desktop\vs test project\map in 12.16 - change - 2\map\debug\serversocket.obj
c:\users\administrator\desktop\vs test project\map in 12.16 - change - 2\map\debug\webmap.obj
c:\users\administrator\desktop\vs test project\map in 12.16 - change - 3\map\debug\map.pch
c:\users\administrator\desktop\vs test project\map in 12.16 - change - 3\map\debug\stdafx.obj
c:\users\administrator\desktop\vs test project\map in 12.16 - change - 3\map\debug\vc100.pdb
c:\users\administrator\desktop\vs test project\map in 12.16 - change - 3\map\debug\map.obj
c:\users\administrator\desktop\vs test project\map in 12.16 - change - 3\map\debug\mapdlg.obj
c:\users\administrator\desktop\vs test project\map in 12.16 - change - 3\map\debug\serversocket.obj
c:\users\administrator\desktop\vs test project\map in 12.16 - change - 3\map\debug\webmap.obj
c:\users\administrator\desktop\vs test project\map in 12.16 - change - 4\map\debug\map.pch
c:\users\administrator\desktop\vs test project\map in 12.16 - change - 4\map\debug\stdafx.obj
c:\users\administrator\desktop\vs test project\map in 12.16 - change - 4\map\debug\vc100.pdb
c:\users\administrator\desktop\vs test project\map in 12.16 - change - 4\map\debug\map.obj
c:\users\administrator\desktop\vs test project\map in 12.16 - change - 4\map\debug\mapdlg.obj
c:\users\administrator\desktop\vs test project\map in 12.16 - change - 4\map\debug\serversocket.obj
c:\users\administrator\desktop\vs test project\map in 12.16 - change - 4\map\debug\webmap.obj
c:\users\administrator\desktop\vs test project\map in 12.18 - change\map\debug\map.pch
c:\users\administrator\desktop\vs test project\map in 12.18 - change\map\debug\stdafx.obj
c:\users\administrator\desktop\vs test project\map in 12.18 - change\map\debug\vc100.pdb
c:\users\administrator\desktop\vs test project\map in 12.18 - change\map\debug\map.obj
c:\users\administrator\desktop\vs test project\map in 12.18 - change\map\debug\mapdlg.obj
c:\users\administrator\desktop\vs test project\map in 12.18 - change\map\debug\serversocket.obj
c:\users\administrator\desktop\vs test project\map in 12.18 - change\map\debug\webmap.obj
c:\users\administrator\desktop\vs test project\map in 12.23\map\debug\map.pch
c:\users\administrator\desktop\vs test project\map in 12.23\map\debug\stdafx.obj
c:\users\administrator\desktop\vs test project\map in 12.23\map\debug\vc100.pdb
c:\users\administrator\desktop\vs test project\map in 12.23\map\debug\map.obj
c:\users\administrator\desktop\vs test project\map in 12.23\map\debug\mapdlg.obj
c:\users\administrator\desktop\vs test project\map in 12.23\map\debug\serversocket.obj
c:\users\administrator\desktop\vs test project\map in 12.23\map\debug\webmap.obj
c:\users\administrator\desktop\vs test project\map -dsp\map\debug\map.pch
c:\users\administrator\desktop\vs test project\map -dsp\map\debug\stdafx.obj
c:\users\administrator\desktop\vs test project\map -dsp\map\debug\vc100.pdb
c:\users\administrator\desktop\vs test project\map -dsp\map\debug\map.obj
c:\users\administrator\desktop\vs test project\map -dsp\map\debug\mapdlg.obj
c:\users\administrator\desktop\vs test project\map -dsp\map\debug\serversocket.obj
c:\users\administrator\desktop\vs test project\map -dsp\map\debug\webmap.obj
c:\users\administrator\desktop\vs test project\map -dsp - copy\map\debug\map.pch
c:\users\administrator\desktop\vs test project\map -dsp - copy\map\debug\stdafx.obj
c:\users\administrator\desktop\vs test project\map -dsp - copy\map\debug\vc100.pdb
c:\users\administrator\desktop\vs test project\map -dsp - copy\map\debug\map.obj
c:\users\administrator\desktop\vs test project\map -dsp - copy\map\debug\mapdlg.obj
c:\users\administrator\desktop\vs test project\map -dsp - copy\map\debug\serversocket.obj
c:\users\administrator\desktop\vs test project\map -dsp - copy\map\debug\webmap.obj
c:\users\administrator\desktop\dsp课程设计\map -dsp - zxj\map\debug\map.pch
c:\users\administrator\desktop\dsp课程设计\map -dsp - zxj\map\debug\stdafx.obj
c:\users\administrator\desktop\dsp课程设计\map -dsp - zxj\map\debug\vc100.pdb
c:\users\administrator\desktop\dsp课程设计\map -dsp - zxj\map\debug\map.obj
c:\users\administrator\desktop\dsp课程设计\map -dsp - zxj\map\debug\mapdlg.obj
c:\users\administrator\desktop\dsp课程设计\map -dsp - zxj\map\debug\serversocket.obj
c:\users\administrator\desktop\dsp课程设计\map -dsp - zxj\map\debug\webmap.obj
c:\users\administrator\desktop\dsp课程设计\上位机\map -dsp - zxj\map\debug\map.pch
c:\users\administrator\desktop\dsp课程设计\上位机\map -dsp - zxj\map\debug\stdafx.obj
c:\users\administrator\desktop\dsp课程设计\上位机\map -dsp - zxj\map\debug\vc100.pdb
c:\users\administrator\desktop\dsp课程设计\上位机\map -dsp - zxj\map\debug\map.obj
c:\users\administrator\desktop\dsp课程设计\上位机\map -dsp - zxj\map\debug\mapdlg.obj
c:\users\administrator\desktop\dsp课程设计\上位机\map -dsp - zxj\map\debug\serversocket.obj
c:\users\administrator\desktop\dsp课程设计\上位机\map -dsp - zxj\map\debug\webmap.obj
c:\users\administrator\desktop\vs test project\map\debug\map.ilk
c:\users\administrator\desktop\vs test project\map\debug\map.exe
c:\users\administrator\desktop\vs test project\map\map\debug\map.exe.intermediate.manifest
c:\users\administrator\desktop\vs test project\map\debug\map.pdb
c:\users\administrator\desktop\vs test project\map in 12.15\debug\map.ilk
c:\users\administrator\desktop\vs test project\map in 12.15\debug\map.exe
c:\users\administrator\desktop\vs test project\map in 12.15\map\debug\map.exe.intermediate.manifest
c:\users\administrator\desktop\vs test project\map in 12.15\debug\map.pdb
c:\users\administrator\desktop\vs test project\map in 12.16 - change\debug\map.ilk
c:\users\administrator\desktop\vs test project\map in 12.16 - change\debug\map.exe
c:\users\administrator\desktop\vs test project\map in 12.16 - change\map\debug\map.exe.intermediate.manifest
c:\users\administrator\desktop\vs test project\map in 12.16 - change\debug\map.pdb
c:\users\administrator\desktop\vs test project\map in 12.16 - change - 2\debug\map.ilk
c:\users\administrator\desktop\vs test project\map in 12.16 - change - 2\debug\map.exe
c:\users\administrator\desktop\vs test project\map in 12.16 - change - 2\map\debug\map.exe.intermediate.manifest
c:\users\administrator\desktop\vs test project\map in 12.16 - change - 2\debug\map.pdb
c:\users\administrator\desktop\vs test project\map in 12.16 - change - 3\debug\map.ilk
c:\users\administrator\desktop\vs test project\map in 12.16 - change - 3\debug\map.exe
c:\users\administrator\desktop\vs test project\map in 12.16 - change - 3\map\debug\map.exe.intermediate.manifest
c:\users\administrator\desktop\vs test project\map in 12.16 - change - 3\debug\map.pdb
c:\users\administrator\desktop\vs test project\map in 12.16 - change - 4\debug\map.ilk
c:\users\administrator\desktop\vs test project\map in 12.16 - change - 4\debug\map.exe
c:\users\administrator\desktop\vs test project\map in 12.16 - change - 4\map\debug\map.exe.intermediate.manifest
c:\users\administrator\desktop\vs test project\map in 12.16 - change - 4\debug\map.pdb
c:\users\administrator\desktop\vs test project\map in 12.18 - change\debug\map.ilk
c:\users\administrator\desktop\vs test project\map in 12.18 - change\debug\map.exe
c:\users\administrator\desktop\vs test project\map in 12.18 - change\map\debug\map.exe.intermediate.manifest
c:\users\administrator\desktop\vs test project\map in 12.18 - change\debug\map.pdb
c:\users\administrator\desktop\vs test project\map in 12.23\debug\map.ilk
c:\users\administrator\desktop\vs test project\map in 12.23\debug\map.exe
c:\users\administrator\desktop\vs test project\map in 12.23\map\debug\map.exe.intermediate.manifest
c:\users\administrator\desktop\vs test project\map in 12.23\debug\map.pdb
c:\users\administrator\desktop\vs test project\map -dsp\debug\map.ilk
c:\users\administrator\desktop\vs test project\map -dsp\debug\map.exe
c:\users\administrator\desktop\vs test project\map -dsp\map\debug\map.exe.intermediate.manifest
c:\users\administrator\desktop\vs test project\map -dsp\debug\map.pdb
c:\users\administrator\desktop\vs test project\map -dsp - copy\debug\map.ilk
c:\users\administrator\desktop\vs test project\map -dsp - copy\debug\map.exe
c:\users\administrator\desktop\vs test project\map -dsp - copy\map\debug\map.exe.intermediate.manifest
c:\users\administrator\desktop\vs test project\map -dsp - copy\debug\map.pdb
c:\users\administrator\desktop\dsp课程设计\map -dsp - zxj\debug\map.ilk
c:\users\administrator\desktop\dsp课程设计\map -dsp - zxj\debug\map.exe
c:\users\administrator\desktop\dsp课程设计\map -dsp - zxj\map\debug\map.exe.intermediate.manifest
c:\users\administrator\desktop\dsp课程设计\map -dsp - zxj\debug\map.pdb
c:\users\administrator\desktop\dsp课程设计\上位机\map -dsp - zxj\debug\map.ilk
c:\users\administrator\desktop\dsp课程设计\上位机\map -dsp - zxj\debug\map.exe
c:\users\administrator\desktop\dsp课程设计\上位机\map -dsp - zxj\map\debug\map.exe.intermediate.manifest
c:\users\administrator\desktop\dsp课程设计\上位机\map -dsp - zxj\debug\map.pdb
c:\users\administrator\desktop\vs test project\map\map\debug\map.exe.embed.manifest
c:\users\administrator\desktop\vs test project\map\map\debug\map.res
c:\users\administrator\desktop\vs test project\map\map\debug\map.exe.embed.manifest.res
c:\users\administrator\desktop\vs test project\map in 12.15\map\debug\map.exe.embed.manifest.res
c:\users\administrator\desktop\vs test project\map in 12.15\map\debug\map.res
c:\users\administrator\desktop\vs test project\map in 12.16 - change\map\debug\map.exe.embed.manifest.res
c:\users\administrator\desktop\vs test project\map in 12.16 - change\map\debug\map.res
c:\users\administrator\desktop\vs test project\map in 12.16 - change - 2\map\debug\map.exe.embed.manifest.res
c:\users\administrator\desktop\vs test project\map in 12.16 - change - 2\map\debug\map.res
c:\users\administrator\desktop\vs test project\map in 12.16 - change - 3\map\debug\map.res
c:\users\administrator\desktop\vs test project\map in 12.16 - change - 3\map\debug\map.exe.embed.manifest.res
c:\users\administrator\desktop\vs test project\map in 12.16 - change - 4\map\debug\map.exe.embed.manifest.res
c:\users\administrator\desktop\vs test project\map in 12.16 - change - 4\map\debug\map.res
c:\users\administrator\desktop\vs test project\map in 12.18 - change\map\debug\map.res
c:\users\administrator\desktop\vs test project\map in 12.18 - change\map\debug\map.exe.embed.manifest.res
c:\users\administrator\desktop\vs test project\map in 12.23\map\debug\map.res
c:\users\administrator\desktop\vs test project\map in 12.23\map\debug\map.exe.embed.manifest.res
c:\users\administrator\desktop\vs test project\map -dsp\map\debug\map.res
c:\users\administrator\desktop\vs test project\map -dsp\map\debug\map.exe.embed.manifest.res
c:\users\administrator\desktop\vs test project\map -dsp - copy\map\debug\map.res
c:\users\administrator\desktop\vs test project\map -dsp - copy\map\debug\map.exe.embed.manifest.res
c:\users\administrator\desktop\dsp课程设计\map -dsp - zxj\map\debug\map.exe.embed.manifest.res
c:\users\administrator\desktop\dsp课程设计\map -dsp - zxj\map\debug\map.res
c:\users\administrator\desktop\dsp课程设计\上位机\map -dsp - zxj\map\debug\map.exe.embed.manifest.res
c:\users\administrator\desktop\dsp课程设计\上位机\map -dsp - zxj\map\debug\map.res
d:\1-学士学业\1-课程学习\2014.09-2015.01大四（上）\dsp原理与应用技术\dsp课程设计\上位机程序\map -dsp - zxj\map\debug\map.pch
d:\1-学士学业\1-课程学习\2014.09-2015.01大四（上）\dsp原理与应用技术\dsp课程设计\上位机程序\map -dsp - zxj\map\debug\vc120.pdb
d:\1-学士学业\1-课程学习\2014.09-2015.01大四（上）\dsp原理与应用技术\dsp课程设计\上位机程序\map -dsp - zxj\map\debug\vc120.idb
d:\1-学士学业\1-课程学习\2014.09-2015.01大四（上）\dsp原理与应用技术\dsp课程设计\上位机程序\map -dsp - zxj\map\debug\stdafx.obj
d:\1-学士学业\1-课程学习\2014.09-2015.01大四（上）\dsp原理与应用技术\dsp课程设计\上位机程序\map -dsp - zxj\map\debug\map.obj
d:\1-学士学业\1-课程学习\2014.09-2015.01大四（上）\dsp原理与应用技术\dsp课程设计\上位机程序\map -dsp - zxj\map\debug\mapdlg.obj
d:\1-学士学业\1-课程学习\2014.09-2015.01大四（上）\dsp原理与应用技术\dsp课程设计\上位机程序\map -dsp - zxj\map\debug\serversocket.obj
d:\1-学士学业\1-课程学习\2014.09-2015.01大四（上）\dsp原理与应用技术\dsp课程设计\上位机程序\map -dsp - zxj\map\debug\webmap.obj
d:\1-学士学业\1-课程学习\2014.09-2015.01大四（上）\dsp原理与应用技术\dsp课程设计\上位机程序\map -dsp - zxj\map\debug\map.res
d:\1-学士学业\1-课程学习\2014.09-2015.01大四（上）\dsp原理与应用技术\dsp课程设计\上位机程序\map -dsp - zxj\map\debug\map.vcxprojresolveassemblyreference.cache
d:\1-学士学业\1-课程学习\2014.09-2015.01大四（上）\dsp原理与应用技术\dsp课程设计\上位机程序\map -dsp - zxj\map\debug\cl.command.1.tlog
d:\1-学士学业\1-课程学习\2014.09-2015.01大四（上）\dsp原理与应用技术\dsp课程设计\上位机程序\map -dsp - zxj\map\debug\cl.read.1.tlog
d:\1-学士学业\1-课程学习\2014.09-2015.01大四（上）\dsp原理与应用技术\dsp课程设计\上位机程序\map -dsp - zxj\map\debug\cl.write.1.tlog
d:\1-学士学业\1-课程学习\2014.09-2015.01大四（上）\dsp原理与应用技术\dsp课程设计\上位机程序\map -dsp - zxj\map\debug\link-cvtres.read.1.tlog
d:\1-学士学业\1-课程学习\2014.09-2015.01大四（上）\dsp原理与应用技术\dsp课程设计\上位机程序\map -dsp - zxj\map\debug\link-cvtres.write.1.tlog
d:\1-学士学业\1-课程学习\2014.09-2015.01大四（上）\dsp原理与应用技术\dsp课程设计\上位机程序\map -dsp - zxj\map\debug\link.10916-cvtres.read.1.tlog
d:\1-学士学业\1-课程学习\2014.09-2015.01大四（上）\dsp原理与应用技术\dsp课程设计\上位机程序\map -dsp - zxj\map\debug\link.10916-cvtres.write.1.tlog
d:\1-学士学业\1-课程学习\2014.09-2015.01大四（上）\dsp原理与应用技术\dsp课程设计\上位机程序\map -dsp - zxj\map\debug\link.10916.read.1.tlog
d:\1-学士学业\1-课程学习\2014.09-2015.01大四（上）\dsp原理与应用技术\dsp课程设计\上位机程序\map -dsp - zxj\map\debug\link.10916.write.1.tlog
d:\1-学士学业\1-课程学习\2014.09-2015.01大四（上）\dsp原理与应用技术\dsp课程设计\上位机程序\map -dsp - zxj\map\debug\link.1320-cvtres.read.1.tlog
d:\1-学士学业\1-课程学习\2014.09-2015.01大四（上）\dsp原理与应用技术\dsp课程设计\上位机程序\map -dsp - zxj\map\debug\link.1320-cvtres.write.1.tlog
d:\1-学士学业\1-课程学习\2014.09-2015.01大四（上）\dsp原理与应用技术\dsp课程设计\上位机程序\map -dsp - zxj\map\debug\link.1320.read.1.tlog
d:\1-学士学业\1-课程学习\2014.09-2015.01大四（上）\dsp原理与应用技术\dsp课程设计\上位机程序\map -dsp - zxj\map\debug\link.1320.write.1.tlog
d:\1-学士学业\1-课程学习\2014.09-2015.01大四（上）\dsp原理与应用技术\dsp课程设计\上位机程序\map -dsp - zxj\map\debug\link.17564-cvtres.read.1.tlog
d:\1-学士学业\1-课程学习\2014.09-2015.01大四（上）\dsp原理与应用技术\dsp课程设计\上位机程序\map -dsp - zxj\map\debug\link.17564-cvtres.write.1.tlog
d:\1-学士学业\1-课程学习\2014.09-2015.01大四（上）\dsp原理与应用技术\dsp课程设计\上位机程序\map -dsp - zxj\map\debug\link.17564.read.1.tlog
d:\1-学士学业\1-课程学习\2014.09-2015.01大四（上）\dsp原理与应用技术\dsp课程设计\上位机程序\map -dsp - zxj\map\debug\link.17564.write.1.tlog
d:\1-学士学业\1-课程学习\2014.09-2015.01大四（上）\dsp原理与应用技术\dsp课程设计\上位机程序\map -dsp - zxj\map\debug\link.17808-cvtres.read.1.tlog
d:\1-学士学业\1-课程学习\2014.09-2015.01大四（上）\dsp原理与应用技术\dsp课程设计\上位机程序\map -dsp - zxj\map\debug\link.17808-cvtres.write.1.tlog
d:\1-学士学业\1-课程学习\2014.09-2015.01大四（上）\dsp原理与应用技术\dsp课程设计\上位机程序\map -dsp - zxj\map\debug\link.17808.read.1.tlog
d:\1-学士学业\1-课程学习\2014.09-2015.01大四（上）\dsp原理与应用技术\dsp课程设计\上位机程序\map -dsp - zxj\map\debug\link.17808.write.1.tlog
d:\1-学士学业\1-课程学习\2014.09-2015.01大四（上）\dsp原理与应用技术\dsp课程设计\上位机程序\map -dsp - zxj\map\debug\link.3788-cvtres.read.1.tlog
d:\1-学士学业\1-课程学习\2014.09-2015.01大四（上）\dsp原理与应用技术\dsp课程设计\上位机程序\map -dsp - zxj\map\debug\link.3788-cvtres.write.1.tlog
d:\1-学士学业\1-课程学习\2014.09-2015.01大四（上）\dsp原理与应用技术\dsp课程设计\上位机程序\map -dsp - zxj\map\debug\link.3788.read.1.tlog
d:\1-学士学业\1-课程学习\2014.09-2015.01大四（上）\dsp原理与应用技术\dsp课程设计\上位机程序\map -dsp - zxj\map\debug\link.3788.write.1.tlog
d:\1-学士学业\1-课程学习\2014.09-2015.01大四（上）\dsp原理与应用技术\dsp课程设计\上位机程序\map -dsp - zxj\map\debug\link.6604-cvtres.read.1.tlog
d:\1-学士学业\1-课程学习\2014.09-2015.01大四（上）\dsp原理与应用技术\dsp课程设计\上位机程序\map -dsp - zxj\map\debug\link.6604-cvtres.write.1.tlog
d:\1-学士学业\1-课程学习\2014.09-2015.01大四（上）\dsp原理与应用技术\dsp课程设计\上位机程序\map -dsp - zxj\map\debug\link.6604.read.1.tlog
d:\1-学士学业\1-课程学习\2014.09-2015.01大四（上）\dsp原理与应用技术\dsp课程设计\上位机程序\map -dsp - zxj\map\debug\link.6604.write.1.tlog
d:\1-学士学业\1-课程学习\2014.09-2015.01大四（上）\dsp原理与应用技术\dsp课程设计\上位机程序\map -dsp - zxj\map\debug\link.6948-cvtres.read.1.tlog
d:\1-学士学业\1-课程学习\2014.09-2015.01大四（上）\dsp原理与应用技术\dsp课程设计\上位机程序\map -dsp - zxj\map\debug\link.6948-cvtres.write.1.tlog
d:\1-学士学业\1-课程学习\2014.09-2015.01大四（上）\dsp原理与应用技术\dsp课程设计\上位机程序\map -dsp - zxj\map\debug\link.6948.read.1.tlog
d:\1-学士学业\1-课程学习\2014.09-2015.01大四（上）\dsp原理与应用技术\dsp课程设计\上位机程序\map -dsp - zxj\map\debug\link.6948.write.1.tlog
d:\1-学士学业\1-课程学习\2014.09-2015.01大四（上）\dsp原理与应用技术\dsp课程设计\上位机程序\map -dsp - zxj\map\debug\link.8872-cvtres.read.1.tlog
d:\1-学士学业\1-课程学习\2014.09-2015.01大四（上）\dsp原理与应用技术\dsp课程设计\上位机程序\map -dsp - zxj\map\debug\link.8872-cvtres.write.1.tlog
d:\1-学士学业\1-课程学习\2014.09-2015.01大四（上）\dsp原理与应用技术\dsp课程设计\上位机程序\map -dsp - zxj\map\debug\link.8872.read.1.tlog
d:\1-学士学业\1-课程学习\2014.09-2015.01大四（上）\dsp原理与应用技术\dsp课程设计\上位机程序\map -dsp - zxj\map\debug\link.8872.write.1.tlog
d:\1-学士学业\1-课程学习\2014.09-2015.01大四（上）\dsp原理与应用技术\dsp课程设计\上位机程序\map -dsp - zxj\map\debug\link.9100-cvtres.read.1.tlog
d:\1-学士学业\1-课程学习\2014.09-2015.01大四（上）\dsp原理与应用技术\dsp课程设计\上位机程序\map -dsp - zxj\map\debug\link.9100-cvtres.write.1.tlog
d:\1-学士学业\1-课程学习\2014.09-2015.01大四（上）\dsp原理与应用技术\dsp课程设计\上位机程序\map -dsp - zxj\map\debug\link.9100.read.1.tlog
d:\1-学士学业\1-课程学习\2014.09-2015.01大四（上）\dsp原理与应用技术\dsp课程设计\上位机程序\map -dsp - zxj\map\debug\link.9100.write.1.tlog
d:\1-学士学业\1-课程学习\2014.09-2015.01大四（上）\dsp原理与应用技术\dsp课程设计\上位机程序\map -dsp - zxj\map\debug\link.command.1.tlog
d:\1-学士学业\1-课程学习\2014.09-2015.01大四（上）\dsp原理与应用技术\dsp课程设计\上位机程序\map -dsp - zxj\map\debug\link.read.1.tlog
d:\1-学士学业\1-课程学习\2014.09-2015.01大四（上）\dsp原理与应用技术\dsp课程设计\上位机程序\map -dsp - zxj\map\debug\link.write.1.tlog
d:\1-学士学业\1-课程学习\2014.09-2015.01大四（上）\dsp原理与应用技术\dsp课程设计\上位机程序\map -dsp - zxj\map\debug\map.write.1.tlog
d:\1-学士学业\1-课程学习\2014.09-2015.01大四（上）\dsp原理与应用技术\dsp课程设计\上位机程序\map -dsp - zxj\map\debug\mt.command.1.tlog
d:\1-学士学业\1-课程学习\2014.09-2015.01大四（上）\dsp原理与应用技术\dsp课程设计\上位机程序\map -dsp - zxj\map\debug\mt.read.1.tlog
d:\1-学士学业\1-课程学习\2014.09-2015.01大四（上）\dsp原理与应用技术\dsp课程设计\上位机程序\map -dsp - zxj\map\debug\mt.write.1.tlog
d:\1-学士学业\1-课程学习\2014.09-2015.01大四（上）\dsp原理与应用技术\dsp课程设计\上位机程序\map -dsp - zxj\map\debug\rc.command.1.tlog
d:\1-学士学业\1-课程学习\2014.09-2015.01大四（上）\dsp原理与应用技术\dsp课程设计\上位机程序\map -dsp - zxj\map\debug\rc.read.1.tlog
d:\1-学士学业\1-课程学习\2014.09-2015.01大四（上）\dsp原理与应用技术\dsp课程设计\上位机程序\map -dsp - zxj\map\debug\rc.write.1.tlog
d:\1-学士学业\1-课程学习\2014.09-2015.01大四（上）\dsp原理与应用技术\dsp课程设计\上位机程序\map -dsp - zxj\map\debug\map.exe.embed.manifest
d:\1-学士学业\1-课程学习\2014.09-2015.01大四（上）\dsp原理与应用技术\dsp课程设计\上位机程序\map -dsp - zxj\map\debug\map.exe.intermediate.manifest
d:\1-学士学业\1-课程学习\2014.09-2015.01大四（上）\dsp原理与应用技术\dsp课程设计\上位机程序\map -dsp - zxj\map\debug\map.exe.embed.manifest.res
d:\1-学士学业\1-课程学习\2014.09-2015.01大四（上）\dsp原理与应用技术\dsp课程设计\上位机程序\map -dsp - zxj\map\debug\vc100.idb
d:\1-学士学业\1-课程学习\2014.09-2015.01大四（上）\dsp原理与应用技术\dsp课程设计\上位机程序\map -dsp - zxj\map\debug\vc100.pdb
d:\1-学士学业\1-课程学习\2014.09-2015.01大四（上）\dsp原理与应用技术\dsp课程设计\上位机程序\map -dsp - zxj\map\debug\map_manifest.rc
d:\1-学士学业\1-课程学习\2014.09-2015.01大四（上）\dsp原理与应用技术\dsp课程设计\上位机程序\map -dsp - zxj\debug\map.pdb
d:\1-学士学业\1-课程学习\2014.09-2015.01大四（上）\dsp原理与应用技术\dsp课程设计\上位机程序\map -dsp - zxj\map\debug\map.tlog\cl.command.1.tlog
d:\1-学士学业\1-课程学习\2014.09-2015.01大四（上）\dsp原理与应用技术\dsp课程设计\上位机程序\map -dsp - zxj\map\debug\map.tlog\cl.read.1.tlog
d:\1-学士学业\1-课程学习\2014.09-2015.01大四（上）\dsp原理与应用技术\dsp课程设计\上位机程序\map -dsp - zxj\map\debug\map.tlog\cl.write.1.tlog
d:\1-学士学业\1-课程学习\2014.09-2015.01大四（上）\dsp原理与应用技术\dsp课程设计\上位机程序\map -dsp - zxj\map\debug\map.tlog\link-cvtres.read.1.tlog
d:\1-学士学业\1-课程学习\2014.09-2015.01大四（上）\dsp原理与应用技术\dsp课程设计\上位机程序\map -dsp - zxj\map\debug\map.tlog\link-cvtres.write.1.tlog
d:\1-学士学业\1-课程学习\2014.09-2015.01大四（上）\dsp原理与应用技术\dsp课程设计\上位机程序\map -dsp - zxj\map\debug\map.tlog\link-mt.read.1.tlog
d:\1-学士学业\1-课程学习\2014.09-2015.01大四（上）\dsp原理与应用技术\dsp课程设计\上位机程序\map -dsp - zxj\map\debug\map.tlog\link-mt.write.1.tlog
d:\1-学士学业\1-课程学习\2014.09-2015.01大四（上）\dsp原理与应用技术\dsp课程设计\上位机程序\map -dsp - zxj\map\debug\map.tlog\link-rc.read.1.tlog
d:\1-学士学业\1-课程学习\2014.09-2015.01大四（上）\dsp原理与应用技术\dsp课程设计\上位机程序\map -dsp - zxj\map\debug\map.tlog\link-rc.write.1.tlog
d:\1-学士学业\1-课程学习\2014.09-2015.01大四（上）\dsp原理与应用技术\dsp课程设计\上位机程序\map -dsp - zxj\map\debug\map.tlog\link.command.1.tlog
d:\1-学士学业\1-课程学习\2014.09-2015.01大四（上）\dsp原理与应用技术\dsp课程设计\上位机程序\map -dsp - zxj\map\debug\map.tlog\link.read.1.tlog
d:\1-学士学业\1-课程学习\2014.09-2015.01大四（上）\dsp原理与应用技术\dsp课程设计\上位机程序\map -dsp - zxj\map\debug\map.tlog\link.write.1.tlog
d:\1-学士学业\1-课程学习\2014.09-2015.01大四（上）\dsp原理与应用技术\dsp课程设计\上位机程序\map -dsp - zxj\map\debug\map.tlog\rc.command.1.tlog
d:\1-学士学业\1-课程学习\2014.09-2015.01大四（上）\dsp原理与应用技术\dsp课程设计\上位机程序\map -dsp - zxj\map\debug\map.tlog\rc.read.1.tlog
d:\1-学士学业\1-课程学习\2014.09-2015.01大四（上）\dsp原理与应用技术\dsp课程设计\上位机程序\map -dsp - zxj\map\debug\map.tlog\rc.write.1.tlog
